<?xml version="1.0" encoding="UTF-8"?>
<!-- Generated by org.testng.reporters.JUnitXMLReporter -->
<testsuite hostname="User-PC" name="Default test" tests="4" failures="0" timestamp="28 May 2015 12:20:02 GMT" time="21.218" errors="0">
  <testcase name="password_test_clear" time="1.014" classname="PageFactory.PageObjectPassTest"/>
  <testcase name="password_test_using_PassPage" time="1.837" classname="PageFactory.PageObjectPassTest"/>
  <testcase name="pasword_test_with_ending" time="1.18" classname="PageFactory.PageObjectPassTest"/>
  <testcase name="similar_passwords_test_two" time="2.397" classname="PageFactory.PageObjectPassTest"/>
</testsuite> <!-- Default test -->
