<?xml version="1.0" encoding="UTF-8"?>
<testng-results skipped="0" failed="0" total="2" passed="2">
  <reporter-output>
  </reporter-output>
  <suite name="JavaRush" duration-ms="29184" started-at="2015-05-27T14:17:07Z" finished-at="2015-05-27T14:17:37Z">
    <groups>
    </groups>
    <test name="Default" duration-ms="29184" started-at="2015-05-27T14:17:07Z" finished-at="2015-05-27T14:17:37Z">
      <class name="java_pass_test">
        <test-method status="PASS" signature="start_up()[pri:0, instance:java_pass_test@2d209079]" name="start_up" is-config="true" duration-ms="14805" started-at="2015-05-27T17:17:07Z" finished-at="2015-05-27T17:17:22Z">
          <reporter-output>
          </reporter-output>
        </test-method> <!-- start_up -->
        <test-method status="PASS" signature="javaPassTest()[pri:0, instance:java_pass_test@2d209079]" name="javaPassTest" duration-ms="8278" started-at="2015-05-27T17:17:22Z" finished-at="2015-05-27T17:17:31Z">
          <reporter-output>
          </reporter-output>
        </test-method> <!-- javaPassTest -->
        <test-method status="PASS" signature="javaPassTestTwo()[pri:0, instance:java_pass_test@2d209079]" name="javaPassTestTwo" duration-ms="4488" started-at="2015-05-27T17:17:31Z" finished-at="2015-05-27T17:17:35Z">
          <reporter-output>
          </reporter-output>
        </test-method> <!-- javaPassTestTwo -->
        <test-method status="PASS" signature="shut_down()[pri:0, instance:java_pass_test@2d209079]" name="shut_down" is-config="true" duration-ms="1596" started-at="2015-05-27T17:17:35Z" finished-at="2015-05-27T17:17:37Z">
          <reporter-output>
          </reporter-output>
        </test-method> <!-- shut_down -->
      </class> <!-- java_pass_test -->
    </test> <!-- Default -->
  </suite> <!-- JavaRush -->
</testng-results>
