<?xml version="1.0" encoding="UTF-8"?>
<testng-results skipped="0" failed="0" total="4" passed="4">
  <reporter-output>
  </reporter-output>
  <suite name="Default suite" duration-ms="21218" started-at="2015-05-28T12:19:41Z" finished-at="2015-05-28T12:20:02Z">
    <groups>
    </groups>
    <test name="Default test" duration-ms="21218" started-at="2015-05-28T12:19:41Z" finished-at="2015-05-28T12:20:02Z">
      <class name="PageFactory.PageObjectPassTest">
        <test-method status="PASS" signature="startUp()[pri:0, instance:PageFactory.PageObjectPassTest@19bb089b]" name="startUp" is-config="true" duration-ms="14485" started-at="2015-05-28T15:19:41Z" finished-at="2015-05-28T15:19:55Z">
          <reporter-output>
          </reporter-output>
        </test-method> <!-- startUp -->
        <test-method status="PASS" signature="password_test_clear()[pri:0, instance:PageFactory.PageObjectPassTest@19bb089b]" name="password_test_clear" duration-ms="1014" started-at="2015-05-28T15:19:55Z" finished-at="2015-05-28T15:19:56Z">
          <reporter-output>
          </reporter-output>
        </test-method> <!-- password_test_clear -->
        <test-method status="PASS" signature="password_test_using_PassPage()[pri:0, instance:PageFactory.PageObjectPassTest@19bb089b]" name="password_test_using_PassPage" duration-ms="1837" started-at="2015-05-28T15:19:56Z" finished-at="2015-05-28T15:19:58Z">
          <reporter-output>
          </reporter-output>
        </test-method> <!-- password_test_using_PassPage -->
        <test-method status="PASS" signature="pasword_test_with_ending()[pri:0, instance:PageFactory.PageObjectPassTest@19bb089b]" name="pasword_test_with_ending" duration-ms="1180" started-at="2015-05-28T15:19:58Z" finished-at="2015-05-28T15:19:59Z">
          <reporter-output>
          </reporter-output>
        </test-method> <!-- pasword_test_with_ending -->
        <test-method status="PASS" signature="similar_passwords_test_two()[pri:0, instance:PageFactory.PageObjectPassTest@19bb089b]" name="similar_passwords_test_two" duration-ms="2397" started-at="2015-05-28T15:19:59Z" finished-at="2015-05-28T15:20:01Z">
          <reporter-output>
          </reporter-output>
        </test-method> <!-- similar_passwords_test_two -->
        <test-method status="PASS" signature="cleanUp()[pri:0, instance:PageFactory.PageObjectPassTest@19bb089b]" name="cleanUp" is-config="true" duration-ms="281" started-at="2015-05-28T15:20:02Z" finished-at="2015-05-28T15:20:02Z">
          <reporter-output>
          </reporter-output>
        </test-method> <!-- cleanUp -->
      </class> <!-- PageFactory.PageObjectPassTest -->
    </test> <!-- Default test -->
  </suite> <!-- Default suite -->
</testng-results>
